<?xml version="1.0" encoding="UTF-8"?>
<!-- Generated by org.testng.reporters.JUnitXMLReporter -->
<testsuite ignored="0" hostname="PFTBLR-LT-502" failures="1" tests="1" name="GoogleSearchAndAssertingSearchResultsIncludingPagination" time="11.494" errors="0" timestamp="2023-08-27T17:55:18 IST">
  <testcase classname="com.testClass.GoogleSearchAndAssertingSearchResultsIncludingPagination" name="validateSearch" time="8.337">
    <failure type="java.lang.AssertionError" message="Exact Searched text is not present in all search Result">
      <![CDATA[java.lang.AssertionError: Exact Searched text is not present in all search Result
at com.utils.seleniumUtils.fail(seleniumUtils.java:565)
at com.testClass.GoogleSearchAndAssertingSearchResultsIncludingPagination.validateSearch(GoogleSearchAndAssertingSearchResultsIncludingPagination.java:46)
at java.base/java.util.ArrayList.forEach(ArrayList.java:1511)
... Removed 28 stack frames]]>
    </failure>
  </testcase> <!-- validateSearch -->
</testsuite> <!-- GoogleSearchAndAssertingSearchResultsIncludingPagination -->
